[17-Sep-2018 03:32:09 UTC] PHP Warning:  require(/home/ada/public/../vendor/autoload.php): failed to open stream: No such file or directory in /home/ada/public/index.php on line 24
[17-Sep-2018 03:32:09 UTC] PHP Fatal error:  require(): Failed opening required '/home/ada/public/../vendor/autoload.php' (include_path='.:/opt/bitnami/php/lib/php') in /home/ada/public/index.php on line 24
[16-Jan-2019 07:16:40 UTC] PHP Warning:  require(/home/ada/helpers/utils.php): failed to open stream: No such file or directory in /home/ada/vendor/composer/autoload_real.php on line 55
[16-Jan-2019 07:16:40 UTC] PHP Fatal error:  require(): Failed opening required '/home/ada/helpers/utils.php' (include_path='.:/opt/bitnami/php/lib/php') in /home/ada/vendor/composer/autoload_real.php on line 55
[16-Jan-2019 07:18:04 UTC] PHP Warning:  require(/home/ada/helpers/utils.php): failed to open stream: No such file or directory in /home/ada/vendor/composer/autoload_real.php on line 55
[16-Jan-2019 07:18:04 UTC] PHP Fatal error:  require(): Failed opening required '/home/ada/helpers/utils.php' (include_path='.:/opt/bitnami/php/lib/php') in /home/ada/vendor/composer/autoload_real.php on line 55
[16-Jan-2019 07:18:13 UTC] PHP Warning:  require(/home/ada/helpers/utils.php): failed to open stream: No such file or directory in /home/ada/vendor/composer/autoload_real.php on line 55
[16-Jan-2019 07:18:13 UTC] PHP Fatal error:  require(): Failed opening required '/home/ada/helpers/utils.php' (include_path='.:/opt/bitnami/php/lib/php') in /home/ada/vendor/composer/autoload_real.php on line 55
[16-Jan-2019 07:18:39 UTC] PHP Warning:  require(/home/ada/helpers/utils.php): failed to open stream: No such file or directory in /home/ada/vendor/composer/autoload_real.php on line 55
[16-Jan-2019 07:18:39 UTC] PHP Fatal error:  require(): Failed opening required '/home/ada/helpers/utils.php' (include_path='.:/opt/bitnami/php/lib/php') in /home/ada/vendor/composer/autoload_real.php on line 55
[16-Jan-2019 07:27:42 UTC] PHP Warning:  require(/home/ada/helpers/utils.php): failed to open stream: No such file or directory in /home/ada/vendor/composer/autoload_real.php on line 55
[16-Jan-2019 07:27:42 UTC] PHP Fatal error:  require(): Failed opening required '/home/ada/helpers/utils.php' (include_path='.:/opt/bitnami/php/lib/php') in /home/ada/vendor/composer/autoload_real.php on line 55
[16-Jan-2019 07:46:20 UTC] PHP Warning:  require(/home/ada/helpers/utils.php): failed to open stream: No such file or directory in /home/ada/vendor/composer/autoload_real.php on line 55
[16-Jan-2019 07:46:20 UTC] PHP Fatal error:  require(): Failed opening required '/home/ada/helpers/utils.php' (include_path='.:/opt/bitnami/php/lib/php') in /home/ada/vendor/composer/autoload_real.php on line 55
[16-Jan-2019 07:46:56 UTC] PHP Warning:  require(/home/ada/helpers/utils.php): failed to open stream: No such file or directory in /home/ada/vendor/composer/autoload_real.php on line 55
[16-Jan-2019 07:46:56 UTC] PHP Fatal error:  require(): Failed opening required '/home/ada/helpers/utils.php' (include_path='.:/opt/bitnami/php/lib/php') in /home/ada/vendor/composer/autoload_real.php on line 55
[16-Jan-2019 08:07:36 UTC] PHP Warning:  require(/home/ada/helpers/utils.php): failed to open stream: No such file or directory in /home/ada/vendor/composer/autoload_real.php on line 55
[16-Jan-2019 08:07:36 UTC] PHP Fatal error:  require(): Failed opening required '/home/ada/helpers/utils.php' (include_path='.:/opt/bitnami/php/lib/php') in /home/ada/vendor/composer/autoload_real.php on line 55
[16-Jan-2019 08:23:16 UTC] PHP Warning:  require(/home/ada/helpers/utils.php): failed to open stream: No such file or directory in /home/ada/vendor/composer/autoload_real.php on line 55
[16-Jan-2019 08:23:16 UTC] PHP Fatal error:  require(): Failed opening required '/home/ada/helpers/utils.php' (include_path='.:/opt/bitnami/php/lib/php') in /home/ada/vendor/composer/autoload_real.php on line 55
[16-Jan-2019 08:24:24 UTC] PHP Warning:  require(/home/ada/helpers/utils.php): failed to open stream: No such file or directory in /home/ada/vendor/composer/autoload_real.php on line 55
[16-Jan-2019 08:24:24 UTC] PHP Fatal error:  require(): Failed opening required '/home/ada/helpers/utils.php' (include_path='.:/opt/bitnami/php/lib/php') in /home/ada/vendor/composer/autoload_real.php on line 55
[16-Jan-2019 08:24:26 UTC] PHP Warning:  require(/home/ada/helpers/utils.php): failed to open stream: No such file or directory in /home/ada/vendor/composer/autoload_real.php on line 55
[16-Jan-2019 08:24:26 UTC] PHP Fatal error:  require(): Failed opening required '/home/ada/helpers/utils.php' (include_path='.:/opt/bitnami/php/lib/php') in /home/ada/vendor/composer/autoload_real.php on line 55
[16-Jan-2019 08:24:28 UTC] PHP Warning:  require(/home/ada/helpers/utils.php): failed to open stream: No such file or directory in /home/ada/vendor/composer/autoload_real.php on line 55
[16-Jan-2019 08:24:28 UTC] PHP Fatal error:  require(): Failed opening required '/home/ada/helpers/utils.php' (include_path='.:/opt/bitnami/php/lib/php') in /home/ada/vendor/composer/autoload_real.php on line 55
[16-Jan-2019 08:24:29 UTC] PHP Warning:  require(/home/ada/helpers/utils.php): failed to open stream: No such file or directory in /home/ada/vendor/composer/autoload_real.php on line 55
[16-Jan-2019 08:24:29 UTC] PHP Fatal error:  require(): Failed opening required '/home/ada/helpers/utils.php' (include_path='.:/opt/bitnami/php/lib/php') in /home/ada/vendor/composer/autoload_real.php on line 55
[16-Jan-2019 08:24:29 UTC] PHP Warning:  require(/home/ada/helpers/utils.php): failed to open stream: No such file or directory in /home/ada/vendor/composer/autoload_real.php on line 55
[16-Jan-2019 08:24:29 UTC] PHP Fatal error:  require(): Failed opening required '/home/ada/helpers/utils.php' (include_path='.:/opt/bitnami/php/lib/php') in /home/ada/vendor/composer/autoload_real.php on line 55
[16-Jan-2019 08:24:57 UTC] PHP Warning:  require(/home/ada/helpers/utils.php): failed to open stream: No such file or directory in /home/ada/vendor/composer/autoload_real.php on line 55
[16-Jan-2019 08:24:57 UTC] PHP Fatal error:  require(): Failed opening required '/home/ada/helpers/utils.php' (include_path='.:/opt/bitnami/php/lib/php') in /home/ada/vendor/composer/autoload_real.php on line 55
[16-Jan-2019 08:25:16 UTC] PHP Warning:  require(/home/ada/helpers/utils.php): failed to open stream: No such file or directory in /home/ada/vendor/composer/autoload_real.php on line 55
[16-Jan-2019 08:25:16 UTC] PHP Fatal error:  require(): Failed opening required '/home/ada/helpers/utils.php' (include_path='.:/opt/bitnami/php/lib/php') in /home/ada/vendor/composer/autoload_real.php on line 55
[16-Jan-2019 08:59:32 UTC] PHP Warning:  require(/home/ada/helpers/utils.php): failed to open stream: No such file or directory in /home/ada/vendor/composer/autoload_real.php on line 55
[16-Jan-2019 08:59:32 UTC] PHP Fatal error:  require(): Failed opening required '/home/ada/helpers/utils.php' (include_path='.:/opt/bitnami/php/lib/php') in /home/ada/vendor/composer/autoload_real.php on line 55
[16-Jan-2019 08:59:43 UTC] PHP Warning:  require(/home/ada/helpers/utils.php): failed to open stream: No such file or directory in /home/ada/vendor/composer/autoload_real.php on line 55
[16-Jan-2019 08:59:43 UTC] PHP Fatal error:  require(): Failed opening required '/home/ada/helpers/utils.php' (include_path='.:/opt/bitnami/php/lib/php') in /home/ada/vendor/composer/autoload_real.php on line 55
[16-Jan-2019 09:18:37 UTC] PHP Warning:  require(/home/ada/helpers/utils.php): failed to open stream: No such file or directory in /home/ada/vendor/composer/autoload_real.php on line 55
[16-Jan-2019 09:18:37 UTC] PHP Fatal error:  require(): Failed opening required '/home/ada/helpers/utils.php' (include_path='.:/opt/bitnami/php/lib/php') in /home/ada/vendor/composer/autoload_real.php on line 55
[16-Jan-2019 09:45:41 UTC] PHP Warning:  require(/home/ada/helpers/utils.php): failed to open stream: No such file or directory in /home/ada/vendor/composer/autoload_real.php on line 55
[16-Jan-2019 09:45:41 UTC] PHP Fatal error:  require(): Failed opening required '/home/ada/helpers/utils.php' (include_path='.:/opt/bitnami/php/lib/php') in /home/ada/vendor/composer/autoload_real.php on line 55
[16-Jan-2019 09:46:48 UTC] PHP Warning:  require(/home/ada/helpers/utils.php): failed to open stream: No such file or directory in /home/ada/vendor/composer/autoload_real.php on line 55
[16-Jan-2019 09:46:48 UTC] PHP Fatal error:  require(): Failed opening required '/home/ada/helpers/utils.php' (include_path='.:/opt/bitnami/php/lib/php') in /home/ada/vendor/composer/autoload_real.php on line 55
[16-Jan-2019 09:46:50 UTC] PHP Warning:  require(/home/ada/helpers/utils.php): failed to open stream: No such file or directory in /home/ada/vendor/composer/autoload_real.php on line 55
[16-Jan-2019 09:46:50 UTC] PHP Fatal error:  require(): Failed opening required '/home/ada/helpers/utils.php' (include_path='.:/opt/bitnami/php/lib/php') in /home/ada/vendor/composer/autoload_real.php on line 55
[16-Jan-2019 09:46:50 UTC] PHP Warning:  require(/home/ada/helpers/utils.php): failed to open stream: No such file or directory in /home/ada/vendor/composer/autoload_real.php on line 55
[16-Jan-2019 09:46:50 UTC] PHP Fatal error:  require(): Failed opening required '/home/ada/helpers/utils.php' (include_path='.:/opt/bitnami/php/lib/php') in /home/ada/vendor/composer/autoload_real.php on line 55
[16-Jan-2019 09:46:50 UTC] PHP Warning:  require(/home/ada/helpers/utils.php): failed to open stream: No such file or directory in /home/ada/vendor/composer/autoload_real.php on line 55
[16-Jan-2019 09:46:50 UTC] PHP Fatal error:  require(): Failed opening required '/home/ada/helpers/utils.php' (include_path='.:/opt/bitnami/php/lib/php') in /home/ada/vendor/composer/autoload_real.php on line 55
[16-Jan-2019 09:46:51 UTC] PHP Warning:  require(/home/ada/helpers/utils.php): failed to open stream: No such file or directory in /home/ada/vendor/composer/autoload_real.php on line 55
[16-Jan-2019 09:46:51 UTC] PHP Fatal error:  require(): Failed opening required '/home/ada/helpers/utils.php' (include_path='.:/opt/bitnami/php/lib/php') in /home/ada/vendor/composer/autoload_real.php on line 55
[16-Jan-2019 09:46:51 UTC] PHP Warning:  require(/home/ada/helpers/utils.php): failed to open stream: No such file or directory in /home/ada/vendor/composer/autoload_real.php on line 55
[16-Jan-2019 09:46:51 UTC] PHP Fatal error:  require(): Failed opening required '/home/ada/helpers/utils.php' (include_path='.:/opt/bitnami/php/lib/php') in /home/ada/vendor/composer/autoload_real.php on line 55
[16-Jan-2019 09:46:51 UTC] PHP Warning:  require(/home/ada/helpers/utils.php): failed to open stream: No such file or directory in /home/ada/vendor/composer/autoload_real.php on line 55
[16-Jan-2019 09:46:51 UTC] PHP Fatal error:  require(): Failed opening required '/home/ada/helpers/utils.php' (include_path='.:/opt/bitnami/php/lib/php') in /home/ada/vendor/composer/autoload_real.php on line 55
[16-Jan-2019 09:46:52 UTC] PHP Warning:  require(/home/ada/helpers/utils.php): failed to open stream: No such file or directory in /home/ada/vendor/composer/autoload_real.php on line 55
[16-Jan-2019 09:46:52 UTC] PHP Fatal error:  require(): Failed opening required '/home/ada/helpers/utils.php' (include_path='.:/opt/bitnami/php/lib/php') in /home/ada/vendor/composer/autoload_real.php on line 55
[16-Jan-2019 09:56:10 UTC] PHP Warning:  require(/home/ada/helpers/utils.php): failed to open stream: No such file or directory in /home/ada/vendor/composer/autoload_real.php on line 55
[16-Jan-2019 09:56:10 UTC] PHP Fatal error:  require(): Failed opening required '/home/ada/helpers/utils.php' (include_path='.:/opt/bitnami/php/lib/php') in /home/ada/vendor/composer/autoload_real.php on line 55
[16-Jan-2019 10:25:07 UTC] PHP Warning:  require(/home/ada/helpers/utils.php): failed to open stream: No such file or directory in /home/ada/vendor/composer/autoload_real.php on line 55
[16-Jan-2019 10:25:07 UTC] PHP Fatal error:  require(): Failed opening required '/home/ada/helpers/utils.php' (include_path='.:/opt/bitnami/php/lib/php') in /home/ada/vendor/composer/autoload_real.php on line 55
[16-Jan-2019 10:26:20 UTC] PHP Warning:  require(/home/ada/helpers/utils.php): failed to open stream: No such file or directory in /home/ada/vendor/composer/autoload_real.php on line 55
[16-Jan-2019 10:26:20 UTC] PHP Fatal error:  require(): Failed opening required '/home/ada/helpers/utils.php' (include_path='.:/opt/bitnami/php/lib/php') in /home/ada/vendor/composer/autoload_real.php on line 55
[16-Jan-2019 10:26:39 UTC] PHP Warning:  require(/home/ada/helpers/utils.php): failed to open stream: No such file or directory in /home/ada/vendor/composer/autoload_real.php on line 55
[16-Jan-2019 10:26:39 UTC] PHP Fatal error:  require(): Failed opening required '/home/ada/helpers/utils.php' (include_path='.:/opt/bitnami/php/lib/php') in /home/ada/vendor/composer/autoload_real.php on line 55
[16-Jan-2019 10:41:15 UTC] PHP Warning:  require(/home/ada/helpers/utils.php): failed to open stream: No such file or directory in /home/ada/vendor/composer/autoload_real.php on line 55
[16-Jan-2019 10:41:15 UTC] PHP Fatal error:  require(): Failed opening required '/home/ada/helpers/utils.php' (include_path='.:/opt/bitnami/php/lib/php') in /home/ada/vendor/composer/autoload_real.php on line 55
[16-Jan-2019 11:11:57 UTC] PHP Warning:  require(/home/ada/helpers/utils.php): failed to open stream: No such file or directory in /home/ada/vendor/composer/autoload_real.php on line 55
[16-Jan-2019 11:11:57 UTC] PHP Fatal error:  require(): Failed opening required '/home/ada/helpers/utils.php' (include_path='.:/opt/bitnami/php/lib/php') in /home/ada/vendor/composer/autoload_real.php on line 55
[16-Jan-2019 11:40:13 UTC] PHP Warning:  require(/home/ada/helpers/utils.php): failed to open stream: No such file or directory in /home/ada/vendor/composer/autoload_real.php on line 55
[16-Jan-2019 11:40:13 UTC] PHP Fatal error:  require(): Failed opening required '/home/ada/helpers/utils.php' (include_path='.:/opt/bitnami/php/lib/php') in /home/ada/vendor/composer/autoload_real.php on line 55
[16-Jan-2019 11:43:01 UTC] PHP Warning:  require(/home/ada/helpers/utils.php): failed to open stream: No such file or directory in /home/ada/vendor/composer/autoload_real.php on line 55
[16-Jan-2019 11:43:01 UTC] PHP Fatal error:  require(): Failed opening required '/home/ada/helpers/utils.php' (include_path='.:/opt/bitnami/php/lib/php') in /home/ada/vendor/composer/autoload_real.php on line 55
[16-Jan-2019 11:48:41 UTC] PHP Warning:  require(/home/ada/helpers/utils.php): failed to open stream: No such file or directory in /home/ada/vendor/composer/autoload_real.php on line 55
[16-Jan-2019 11:48:41 UTC] PHP Fatal error:  require(): Failed opening required '/home/ada/helpers/utils.php' (include_path='.:/opt/bitnami/php/lib/php') in /home/ada/vendor/composer/autoload_real.php on line 55
[16-Jan-2019 11:57:05 UTC] PHP Warning:  require(/home/ada/helpers/utils.php): failed to open stream: No such file or directory in /home/ada/vendor/composer/autoload_real.php on line 55
[16-Jan-2019 11:57:05 UTC] PHP Fatal error:  require(): Failed opening required '/home/ada/helpers/utils.php' (include_path='.:/opt/bitnami/php/lib/php') in /home/ada/vendor/composer/autoload_real.php on line 55
[16-Jan-2019 12:50:17 UTC] PHP Warning:  require(/home/ada/helpers/utils.php): failed to open stream: No such file or directory in /home/ada/vendor/composer/autoload_real.php on line 55
[16-Jan-2019 12:50:17 UTC] PHP Fatal error:  require(): Failed opening required '/home/ada/helpers/utils.php' (include_path='.:/opt/bitnami/php/lib/php') in /home/ada/vendor/composer/autoload_real.php on line 55
[16-Jan-2019 14:18:49 UTC] PHP Warning:  require(/home/ada/helpers/utils.php): failed to open stream: No such file or directory in /home/ada/vendor/composer/autoload_real.php on line 55
[16-Jan-2019 14:18:49 UTC] PHP Fatal error:  require(): Failed opening required '/home/ada/helpers/utils.php' (include_path='.:/opt/bitnami/php/lib/php') in /home/ada/vendor/composer/autoload_real.php on line 55
[16-Jan-2019 14:38:16 UTC] PHP Warning:  require(/home/ada/helpers/utils.php): failed to open stream: No such file or directory in /home/ada/vendor/composer/autoload_real.php on line 55
[16-Jan-2019 14:38:16 UTC] PHP Fatal error:  require(): Failed opening required '/home/ada/helpers/utils.php' (include_path='.:/opt/bitnami/php/lib/php') in /home/ada/vendor/composer/autoload_real.php on line 55
[16-Jan-2019 14:55:24 UTC] PHP Warning:  require(/home/ada/helpers/utils.php): failed to open stream: No such file or directory in /home/ada/vendor/composer/autoload_real.php on line 55
[16-Jan-2019 14:55:24 UTC] PHP Fatal error:  require(): Failed opening required '/home/ada/helpers/utils.php' (include_path='.:/opt/bitnami/php/lib/php') in /home/ada/vendor/composer/autoload_real.php on line 55
[16-Jan-2019 15:18:24 UTC] PHP Warning:  require(/home/ada/helpers/utils.php): failed to open stream: No such file or directory in /home/ada/vendor/composer/autoload_real.php on line 55
[16-Jan-2019 15:18:24 UTC] PHP Fatal error:  require(): Failed opening required '/home/ada/helpers/utils.php' (include_path='.:/opt/bitnami/php/lib/php') in /home/ada/vendor/composer/autoload_real.php on line 55
[16-Jan-2019 15:26:40 UTC] PHP Warning:  require(/home/ada/helpers/utils.php): failed to open stream: No such file or directory in /home/ada/vendor/composer/autoload_real.php on line 55
[16-Jan-2019 15:26:40 UTC] PHP Fatal error:  require(): Failed opening required '/home/ada/helpers/utils.php' (include_path='.:/opt/bitnami/php/lib/php') in /home/ada/vendor/composer/autoload_real.php on line 55
[16-Jan-2019 15:57:39 UTC] PHP Warning:  require(/home/ada/helpers/utils.php): failed to open stream: No such file or directory in /home/ada/vendor/composer/autoload_real.php on line 55
[16-Jan-2019 15:57:39 UTC] PHP Fatal error:  require(): Failed opening required '/home/ada/helpers/utils.php' (include_path='.:/opt/bitnami/php/lib/php') in /home/ada/vendor/composer/autoload_real.php on line 55
[16-Jan-2019 16:10:34 UTC] PHP Warning:  require(/home/ada/helpers/utils.php): failed to open stream: No such file or directory in /home/ada/vendor/composer/autoload_real.php on line 55
[16-Jan-2019 16:10:34 UTC] PHP Fatal error:  require(): Failed opening required '/home/ada/helpers/utils.php' (include_path='.:/opt/bitnami/php/lib/php') in /home/ada/vendor/composer/autoload_real.php on line 55
[16-Jan-2019 16:16:55 UTC] PHP Warning:  require(/home/ada/helpers/utils.php): failed to open stream: No such file or directory in /home/ada/vendor/composer/autoload_real.php on line 55
[16-Jan-2019 16:16:55 UTC] PHP Fatal error:  require(): Failed opening required '/home/ada/helpers/utils.php' (include_path='.:/opt/bitnami/php/lib/php') in /home/ada/vendor/composer/autoload_real.php on line 55
[16-Jan-2019 16:34:35 UTC] PHP Warning:  require(/home/ada/helpers/utils.php): failed to open stream: No such file or directory in /home/ada/vendor/composer/autoload_real.php on line 55
[16-Jan-2019 16:34:35 UTC] PHP Fatal error:  require(): Failed opening required '/home/ada/helpers/utils.php' (include_path='.:/opt/bitnami/php/lib/php') in /home/ada/vendor/composer/autoload_real.php on line 55
[16-Jan-2019 16:34:38 UTC] PHP Warning:  require(/home/ada/helpers/utils.php): failed to open stream: No such file or directory in /home/ada/vendor/composer/autoload_real.php on line 55
[16-Jan-2019 16:34:38 UTC] PHP Fatal error:  require(): Failed opening required '/home/ada/helpers/utils.php' (include_path='.:/opt/bitnami/php/lib/php') in /home/ada/vendor/composer/autoload_real.php on line 55
[16-Jan-2019 16:34:39 UTC] PHP Warning:  require(/home/ada/helpers/utils.php): failed to open stream: No such file or directory in /home/ada/vendor/composer/autoload_real.php on line 55
[16-Jan-2019 16:34:39 UTC] PHP Fatal error:  require(): Failed opening required '/home/ada/helpers/utils.php' (include_path='.:/opt/bitnami/php/lib/php') in /home/ada/vendor/composer/autoload_real.php on line 55
[16-Jan-2019 16:34:39 UTC] PHP Warning:  require(/home/ada/helpers/utils.php): failed to open stream: No such file or directory in /home/ada/vendor/composer/autoload_real.php on line 55
[16-Jan-2019 16:34:39 UTC] PHP Fatal error:  require(): Failed opening required '/home/ada/helpers/utils.php' (include_path='.:/opt/bitnami/php/lib/php') in /home/ada/vendor/composer/autoload_real.php on line 55
[16-Jan-2019 16:34:40 UTC] PHP Warning:  require(/home/ada/helpers/utils.php): failed to open stream: No such file or directory in /home/ada/vendor/composer/autoload_real.php on line 55
[16-Jan-2019 16:34:40 UTC] PHP Fatal error:  require(): Failed opening required '/home/ada/helpers/utils.php' (include_path='.:/opt/bitnami/php/lib/php') in /home/ada/vendor/composer/autoload_real.php on line 55
[16-Jan-2019 16:35:11 UTC] PHP Warning:  require(/home/ada/helpers/utils.php): failed to open stream: No such file or directory in /home/ada/vendor/composer/autoload_real.php on line 55
[16-Jan-2019 16:35:11 UTC] PHP Fatal error:  require(): Failed opening required '/home/ada/helpers/utils.php' (include_path='.:/opt/bitnami/php/lib/php') in /home/ada/vendor/composer/autoload_real.php on line 55
[16-Jan-2019 16:35:24 UTC] PHP Warning:  require(/home/ada/helpers/utils.php): failed to open stream: No such file or directory in /home/ada/vendor/composer/autoload_real.php on line 55
[16-Jan-2019 16:35:24 UTC] PHP Fatal error:  require(): Failed opening required '/home/ada/helpers/utils.php' (include_path='.:/opt/bitnami/php/lib/php') in /home/ada/vendor/composer/autoload_real.php on line 55
[16-Jan-2019 17:55:09 UTC] PHP Warning:  require(/home/ada/public/../vendor/autoload.php): failed to open stream: No such file or directory in /home/ada/public/index.php on line 24
[16-Jan-2019 17:55:09 UTC] PHP Fatal error:  require(): Failed opening required '/home/ada/public/../vendor/autoload.php' (include_path='.:/opt/bitnami/php/lib/php') in /home/ada/public/index.php on line 24
[16-Jan-2019 18:13:05 UTC] PHP Warning:  require(/home/ada/public/../vendor/autoload.php): failed to open stream: No such file or directory in /home/ada/public/index.php on line 24
[16-Jan-2019 18:13:05 UTC] PHP Fatal error:  require(): Failed opening required '/home/ada/public/../vendor/autoload.php' (include_path='.:/opt/bitnami/php/lib/php') in /home/ada/public/index.php on line 24
[16-Jan-2019 18:13:07 UTC] PHP Warning:  require(/home/ada/public/../vendor/autoload.php): failed to open stream: No such file or directory in /home/ada/public/index.php on line 24
[16-Jan-2019 18:13:07 UTC] PHP Fatal error:  require(): Failed opening required '/home/ada/public/../vendor/autoload.php' (include_path='.:/opt/bitnami/php/lib/php') in /home/ada/public/index.php on line 24
[16-Jan-2019 18:13:07 UTC] PHP Warning:  require(/home/ada/public/../vendor/autoload.php): failed to open stream: No such file or directory in /home/ada/public/index.php on line 24
[16-Jan-2019 18:13:07 UTC] PHP Fatal error:  require(): Failed opening required '/home/ada/public/../vendor/autoload.php' (include_path='.:/opt/bitnami/php/lib/php') in /home/ada/public/index.php on line 24
[16-Jan-2019 18:13:08 UTC] PHP Warning:  require(/home/ada/public/../vendor/autoload.php): failed to open stream: No such file or directory in /home/ada/public/index.php on line 24
[16-Jan-2019 18:13:08 UTC] PHP Fatal error:  require(): Failed opening required '/home/ada/public/../vendor/autoload.php' (include_path='.:/opt/bitnami/php/lib/php') in /home/ada/public/index.php on line 24
[16-Jan-2019 18:20:39 UTC] PHP Warning:  require(/home/ada/public/../vendor/autoload.php): failed to open stream: No such file or directory in /home/ada/public/index.php on line 24
[16-Jan-2019 18:20:39 UTC] PHP Fatal error:  require(): Failed opening required '/home/ada/public/../vendor/autoload.php' (include_path='.:/opt/bitnami/php/lib/php') in /home/ada/public/index.php on line 24
[16-Jan-2019 18:22:49 UTC] PHP Warning:  require(/home/ada/public/../vendor/autoload.php): failed to open stream: No such file or directory in /home/ada/public/index.php on line 24
[16-Jan-2019 18:22:49 UTC] PHP Fatal error:  require(): Failed opening required '/home/ada/public/../vendor/autoload.php' (include_path='.:/opt/bitnami/php/lib/php') in /home/ada/public/index.php on line 24
[16-Jan-2019 18:23:26 UTC] PHP Warning:  require(/home/ada/public/../vendor/autoload.php): failed to open stream: No such file or directory in /home/ada/public/index.php on line 24
[16-Jan-2019 18:23:26 UTC] PHP Fatal error:  require(): Failed opening required '/home/ada/public/../vendor/autoload.php' (include_path='.:/opt/bitnami/php/lib/php') in /home/ada/public/index.php on line 24
[16-Jan-2019 18:26:45 UTC] PHP Warning:  require(/home/ada/public/../vendor/autoload.php): failed to open stream: No such file or directory in /home/ada/public/index.php on line 24
[16-Jan-2019 18:26:45 UTC] PHP Fatal error:  require(): Failed opening required '/home/ada/public/../vendor/autoload.php' (include_path='.:/opt/bitnami/php/lib/php') in /home/ada/public/index.php on line 24
[16-Jan-2019 18:28:24 UTC] PHP Warning:  require(/home/ada/public/../vendor/autoload.php): failed to open stream: No such file or directory in /home/ada/public/index.php on line 24
[16-Jan-2019 18:28:24 UTC] PHP Fatal error:  require(): Failed opening required '/home/ada/public/../vendor/autoload.php' (include_path='.:/opt/bitnami/php/lib/php') in /home/ada/public/index.php on line 24
[16-Jan-2019 18:28:25 UTC] PHP Warning:  require(/home/ada/public/../vendor/autoload.php): failed to open stream: No such file or directory in /home/ada/public/index.php on line 24
[16-Jan-2019 18:28:25 UTC] PHP Fatal error:  require(): Failed opening required '/home/ada/public/../vendor/autoload.php' (include_path='.:/opt/bitnami/php/lib/php') in /home/ada/public/index.php on line 24
[16-Jan-2019 18:28:26 UTC] PHP Warning:  require(/home/ada/public/../vendor/autoload.php): failed to open stream: No such file or directory in /home/ada/public/index.php on line 24
[16-Jan-2019 18:28:26 UTC] PHP Fatal error:  require(): Failed opening required '/home/ada/public/../vendor/autoload.php' (include_path='.:/opt/bitnami/php/lib/php') in /home/ada/public/index.php on line 24
[16-Jan-2019 18:50:01 UTC] PHP Warning:  require(/home/ada/public/../vendor/autoload.php): failed to open stream: No such file or directory in /home/ada/public/index.php on line 24
[16-Jan-2019 18:50:01 UTC] PHP Fatal error:  require(): Failed opening required '/home/ada/public/../vendor/autoload.php' (include_path='.:/opt/bitnami/php/lib/php') in /home/ada/public/index.php on line 24
[16-Jan-2019 18:58:07 UTC] PHP Warning:  require(/home/ada/public/../vendor/autoload.php): failed to open stream: No such file or directory in /home/ada/public/index.php on line 24
[16-Jan-2019 18:58:07 UTC] PHP Fatal error:  require(): Failed opening required '/home/ada/public/../vendor/autoload.php' (include_path='.:/opt/bitnami/php/lib/php') in /home/ada/public/index.php on line 24
[16-Jan-2019 19:48:42 UTC] PHP Warning:  require(/home/ada/public/../vendor/autoload.php): failed to open stream: No such file or directory in /home/ada/public/index.php on line 24
[16-Jan-2019 19:48:42 UTC] PHP Fatal error:  require(): Failed opening required '/home/ada/public/../vendor/autoload.php' (include_path='.:/opt/bitnami/php/lib/php') in /home/ada/public/index.php on line 24
[16-Jan-2019 19:54:17 UTC] PHP Warning:  require(/home/ada/public/../vendor/autoload.php): failed to open stream: No such file or directory in /home/ada/public/index.php on line 24
[16-Jan-2019 19:54:17 UTC] PHP Fatal error:  require(): Failed opening required '/home/ada/public/../vendor/autoload.php' (include_path='.:/opt/bitnami/php/lib/php') in /home/ada/public/index.php on line 24
[16-Jan-2019 19:54:19 UTC] PHP Warning:  require(/home/ada/public/../vendor/autoload.php): failed to open stream: No such file or directory in /home/ada/public/index.php on line 24
[16-Jan-2019 19:54:19 UTC] PHP Fatal error:  require(): Failed opening required '/home/ada/public/../vendor/autoload.php' (include_path='.:/opt/bitnami/php/lib/php') in /home/ada/public/index.php on line 24
[16-Jan-2019 20:12:13 UTC] PHP Warning:  require(/home/ada/public/../vendor/autoload.php): failed to open stream: No such file or directory in /home/ada/public/index.php on line 24
[16-Jan-2019 20:12:13 UTC] PHP Fatal error:  require(): Failed opening required '/home/ada/public/../vendor/autoload.php' (include_path='.:/opt/bitnami/php/lib/php') in /home/ada/public/index.php on line 24
[16-Jan-2019 21:04:49 UTC] PHP Warning:  require(/home/ada/public/../vendor/autoload.php): failed to open stream: No such file or directory in /home/ada/public/index.php on line 24
[16-Jan-2019 21:04:49 UTC] PHP Fatal error:  require(): Failed opening required '/home/ada/public/../vendor/autoload.php' (include_path='.:/opt/bitnami/php/lib/php') in /home/ada/public/index.php on line 24
[16-Jan-2019 21:14:32 UTC] PHP Warning:  require(/home/ada/public/../vendor/autoload.php): failed to open stream: No such file or directory in /home/ada/public/index.php on line 24
[16-Jan-2019 21:14:32 UTC] PHP Fatal error:  require(): Failed opening required '/home/ada/public/../vendor/autoload.php' (include_path='.:/opt/bitnami/php/lib/php') in /home/ada/public/index.php on line 24
[16-Jan-2019 21:29:52 UTC] PHP Warning:  require(/home/ada/public/../vendor/autoload.php): failed to open stream: No such file or directory in /home/ada/public/index.php on line 24
[16-Jan-2019 21:29:52 UTC] PHP Fatal error:  require(): Failed opening required '/home/ada/public/../vendor/autoload.php' (include_path='.:/opt/bitnami/php/lib/php') in /home/ada/public/index.php on line 24
[16-Jan-2019 22:02:23 UTC] PHP Warning:  require(/home/ada/public/../vendor/autoload.php): failed to open stream: No such file or directory in /home/ada/public/index.php on line 24
[16-Jan-2019 22:02:23 UTC] PHP Fatal error:  require(): Failed opening required '/home/ada/public/../vendor/autoload.php' (include_path='.:/opt/bitnami/php/lib/php') in /home/ada/public/index.php on line 24
[16-Jan-2019 22:49:13 UTC] PHP Warning:  require(/home/ada/public/../vendor/autoload.php): failed to open stream: No such file or directory in /home/ada/public/index.php on line 24
[16-Jan-2019 22:49:13 UTC] PHP Fatal error:  require(): Failed opening required '/home/ada/public/../vendor/autoload.php' (include_path='.:/opt/bitnami/php/lib/php') in /home/ada/public/index.php on line 24
[16-Jan-2019 22:51:28 UTC] PHP Warning:  require(/home/ada/public/../vendor/autoload.php): failed to open stream: No such file or directory in /home/ada/public/index.php on line 24
[16-Jan-2019 22:51:28 UTC] PHP Fatal error:  require(): Failed opening required '/home/ada/public/../vendor/autoload.php' (include_path='.:/opt/bitnami/php/lib/php') in /home/ada/public/index.php on line 24
[16-Jan-2019 23:32:52 UTC] PHP Warning:  require(/home/ada/public/../vendor/autoload.php): failed to open stream: No such file or directory in /home/ada/public/index.php on line 24
[16-Jan-2019 23:32:52 UTC] PHP Fatal error:  require(): Failed opening required '/home/ada/public/../vendor/autoload.php' (include_path='.:/opt/bitnami/php/lib/php') in /home/ada/public/index.php on line 24
[16-Jan-2019 23:49:26 UTC] PHP Warning:  require(/home/ada/public/../vendor/autoload.php): failed to open stream: No such file or directory in /home/ada/public/index.php on line 24
[16-Jan-2019 23:49:26 UTC] PHP Fatal error:  require(): Failed opening required '/home/ada/public/../vendor/autoload.php' (include_path='.:/opt/bitnami/php/lib/php') in /home/ada/public/index.php on line 24
[16-Jan-2019 23:55:40 UTC] PHP Warning:  require(/home/ada/public/../vendor/autoload.php): failed to open stream: No such file or directory in /home/ada/public/index.php on line 24
[16-Jan-2019 23:55:40 UTC] PHP Fatal error:  require(): Failed opening required '/home/ada/public/../vendor/autoload.php' (include_path='.:/opt/bitnami/php/lib/php') in /home/ada/public/index.php on line 24
[17-Jan-2019 00:00:59 UTC] PHP Warning:  require(/home/ada/public/../vendor/autoload.php): failed to open stream: No such file or directory in /home/ada/public/index.php on line 24
[17-Jan-2019 00:00:59 UTC] PHP Fatal error:  require(): Failed opening required '/home/ada/public/../vendor/autoload.php' (include_path='.:/opt/bitnami/php/lib/php') in /home/ada/public/index.php on line 24
[17-Jan-2019 00:37:46 UTC] PHP Warning:  require(/home/ada/public/../vendor/autoload.php): failed to open stream: No such file or directory in /home/ada/public/index.php on line 24
[17-Jan-2019 00:37:46 UTC] PHP Fatal error:  require(): Failed opening required '/home/ada/public/../vendor/autoload.php' (include_path='.:/opt/bitnami/php/lib/php') in /home/ada/public/index.php on line 24
[17-Jan-2019 00:46:06 UTC] PHP Warning:  require(/home/ada/public/../vendor/autoload.php): failed to open stream: No such file or directory in /home/ada/public/index.php on line 24
[17-Jan-2019 00:46:06 UTC] PHP Fatal error:  require(): Failed opening required '/home/ada/public/../vendor/autoload.php' (include_path='.:/opt/bitnami/php/lib/php') in /home/ada/public/index.php on line 24
[17-Jan-2019 01:38:46 UTC] PHP Warning:  require(/home/ada/public/../vendor/autoload.php): failed to open stream: No such file or directory in /home/ada/public/index.php on line 24
[17-Jan-2019 01:38:46 UTC] PHP Fatal error:  require(): Failed opening required '/home/ada/public/../vendor/autoload.php' (include_path='.:/opt/bitnami/php/lib/php') in /home/ada/public/index.php on line 24
[17-Jan-2019 02:05:27 UTC] PHP Warning:  require(/home/ada/public/../vendor/autoload.php): failed to open stream: No such file or directory in /home/ada/public/index.php on line 24
[17-Jan-2019 02:05:27 UTC] PHP Fatal error:  require(): Failed opening required '/home/ada/public/../vendor/autoload.php' (include_path='.:/opt/bitnami/php/lib/php') in /home/ada/public/index.php on line 24
[17-Jan-2019 02:07:55 UTC] PHP Warning:  require(/home/ada/public/../vendor/autoload.php): failed to open stream: No such file or directory in /home/ada/public/index.php on line 24
[17-Jan-2019 02:07:55 UTC] PHP Fatal error:  require(): Failed opening required '/home/ada/public/../vendor/autoload.php' (include_path='.:/opt/bitnami/php/lib/php') in /home/ada/public/index.php on line 24
[17-Jan-2019 02:08:43 UTC] PHP Warning:  require(/home/ada/public/../vendor/autoload.php): failed to open stream: No such file or directory in /home/ada/public/index.php on line 24
[17-Jan-2019 02:08:43 UTC] PHP Fatal error:  require(): Failed opening required '/home/ada/public/../vendor/autoload.php' (include_path='.:/opt/bitnami/php/lib/php') in /home/ada/public/index.php on line 24
[17-Jan-2019 02:08:46 UTC] PHP Warning:  require(/home/ada/public/../vendor/autoload.php): failed to open stream: No such file or directory in /home/ada/public/index.php on line 24
[17-Jan-2019 02:08:46 UTC] PHP Fatal error:  require(): Failed opening required '/home/ada/public/../vendor/autoload.php' (include_path='.:/opt/bitnami/php/lib/php') in /home/ada/public/index.php on line 24
[17-Jan-2019 02:16:06 UTC] PHP Warning:  require(/home/ada/public/../vendor/autoload.php): failed to open stream: No such file or directory in /home/ada/public/index.php on line 24
[17-Jan-2019 02:16:06 UTC] PHP Fatal error:  require(): Failed opening required '/home/ada/public/../vendor/autoload.php' (include_path='.:/opt/bitnami/php/lib/php') in /home/ada/public/index.php on line 24
[17-Jan-2019 02:31:34 UTC] PHP Warning:  require(/home/ada/public/../vendor/autoload.php): failed to open stream: No such file or directory in /home/ada/public/index.php on line 24
[17-Jan-2019 02:31:34 UTC] PHP Fatal error:  require(): Failed opening required '/home/ada/public/../vendor/autoload.php' (include_path='.:/opt/bitnami/php/lib/php') in /home/ada/public/index.php on line 24
[17-Jan-2019 02:55:46 UTC] PHP Warning:  require(/home/ada/public/../vendor/autoload.php): failed to open stream: No such file or directory in /home/ada/public/index.php on line 24
[17-Jan-2019 02:55:46 UTC] PHP Fatal error:  require(): Failed opening required '/home/ada/public/../vendor/autoload.php' (include_path='.:/opt/bitnami/php/lib/php') in /home/ada/public/index.php on line 24
[17-Jan-2019 03:55:09 UTC] PHP Warning:  require(/home/ada/public/../vendor/autoload.php): failed to open stream: No such file or directory in /home/ada/public/index.php on line 24
[17-Jan-2019 03:55:09 UTC] PHP Fatal error:  require(): Failed opening required '/home/ada/public/../vendor/autoload.php' (include_path='.:/opt/bitnami/php/lib/php') in /home/ada/public/index.php on line 24
[17-Jan-2019 04:04:33 UTC] PHP Warning:  require(/home/ada/public/../vendor/autoload.php): failed to open stream: No such file or directory in /home/ada/public/index.php on line 24
[17-Jan-2019 04:04:33 UTC] PHP Fatal error:  require(): Failed opening required '/home/ada/public/../vendor/autoload.php' (include_path='.:/opt/bitnami/php/lib/php') in /home/ada/public/index.php on line 24
[17-Jan-2019 04:22:03 UTC] PHP Warning:  require(/home/ada/public/../vendor/autoload.php): failed to open stream: No such file or directory in /home/ada/public/index.php on line 24
[17-Jan-2019 04:22:03 UTC] PHP Fatal error:  require(): Failed opening required '/home/ada/public/../vendor/autoload.php' (include_path='.:/opt/bitnami/php/lib/php') in /home/ada/public/index.php on line 24
[17-Jan-2019 05:21:49 UTC] PHP Warning:  require(/home/ada/public/../vendor/autoload.php): failed to open stream: No such file or directory in /home/ada/public/index.php on line 24
[17-Jan-2019 05:21:49 UTC] PHP Fatal error:  require(): Failed opening required '/home/ada/public/../vendor/autoload.php' (include_path='.:/opt/bitnami/php/lib/php') in /home/ada/public/index.php on line 24
[17-Jan-2019 05:52:38 UTC] PHP Warning:  require(/home/ada/public/../vendor/autoload.php): failed to open stream: No such file or directory in /home/ada/public/index.php on line 24
[17-Jan-2019 05:52:38 UTC] PHP Fatal error:  require(): Failed opening required '/home/ada/public/../vendor/autoload.php' (include_path='.:/opt/bitnami/php/lib/php') in /home/ada/public/index.php on line 24
[17-Jan-2019 06:32:17 UTC] PHP Warning:  require(/home/ada/public/../vendor/autoload.php): failed to open stream: No such file or directory in /home/ada/public/index.php on line 24
[17-Jan-2019 06:32:17 UTC] PHP Fatal error:  require(): Failed opening required '/home/ada/public/../vendor/autoload.php' (include_path='.:/opt/bitnami/php/lib/php') in /home/ada/public/index.php on line 24
[17-Jan-2019 06:42:44 UTC] PHP Warning:  require(/home/ada/public/../vendor/autoload.php): failed to open stream: No such file or directory in /home/ada/public/index.php on line 24
[17-Jan-2019 06:42:44 UTC] PHP Fatal error:  require(): Failed opening required '/home/ada/public/../vendor/autoload.php' (include_path='.:/opt/bitnami/php/lib/php') in /home/ada/public/index.php on line 24
[17-Jan-2019 06:44:25 UTC] PHP Warning:  require(/home/ada/public/../vendor/autoload.php): failed to open stream: No such file or directory in /home/ada/public/index.php on line 24
[17-Jan-2019 06:44:25 UTC] PHP Fatal error:  require(): Failed opening required '/home/ada/public/../vendor/autoload.php' (include_path='.:/opt/bitnami/php/lib/php') in /home/ada/public/index.php on line 24
[17-Jan-2019 06:47:56 UTC] PHP Warning:  require(/home/ada/public/../vendor/autoload.php): failed to open stream: No such file or directory in /home/ada/public/index.php on line 24
[17-Jan-2019 06:47:56 UTC] PHP Fatal error:  require(): Failed opening required '/home/ada/public/../vendor/autoload.php' (include_path='.:/opt/bitnami/php/lib/php') in /home/ada/public/index.php on line 24
[17-Jan-2019 06:48:46 UTC] PHP Warning:  require(/home/ada/public/../vendor/autoload.php): failed to open stream: No such file or directory in /home/ada/public/index.php on line 24
[17-Jan-2019 06:48:46 UTC] PHP Fatal error:  require(): Failed opening required '/home/ada/public/../vendor/autoload.php' (include_path='.:/opt/bitnami/php/lib/php') in /home/ada/public/index.php on line 24
[17-Jan-2019 06:54:20 UTC] PHP Warning:  require(/home/ada/public/../vendor/autoload.php): failed to open stream: No such file or directory in /home/ada/public/index.php on line 24
[17-Jan-2019 06:54:20 UTC] PHP Fatal error:  require(): Failed opening required '/home/ada/public/../vendor/autoload.php' (include_path='.:/opt/bitnami/php/lib/php') in /home/ada/public/index.php on line 24
[17-Jan-2019 06:59:36 UTC] PHP Warning:  require(/home/ada/public/../vendor/autoload.php): failed to open stream: No such file or directory in /home/ada/public/index.php on line 24
[17-Jan-2019 06:59:36 UTC] PHP Fatal error:  require(): Failed opening required '/home/ada/public/../vendor/autoload.php' (include_path='.:/opt/bitnami/php/lib/php') in /home/ada/public/index.php on line 24
[17-Jan-2019 07:23:55 UTC] PHP Warning:  require(/home/ada/public/../vendor/autoload.php): failed to open stream: No such file or directory in /home/ada/public/index.php on line 24
[17-Jan-2019 07:23:55 UTC] PHP Fatal error:  require(): Failed opening required '/home/ada/public/../vendor/autoload.php' (include_path='.:/opt/bitnami/php/lib/php') in /home/ada/public/index.php on line 24
[17-Jan-2019 07:28:38 UTC] PHP Warning:  require(/home/ada/public/../vendor/autoload.php): failed to open stream: No such file or directory in /home/ada/public/index.php on line 24
[17-Jan-2019 07:28:38 UTC] PHP Fatal error:  require(): Failed opening required '/home/ada/public/../vendor/autoload.php' (include_path='.:/opt/bitnami/php/lib/php') in /home/ada/public/index.php on line 24
[17-Jan-2019 07:36:51 UTC] PHP Warning:  require(/home/ada/public/../vendor/autoload.php): failed to open stream: No such file or directory in /home/ada/public/index.php on line 24
[17-Jan-2019 07:36:51 UTC] PHP Fatal error:  require(): Failed opening required '/home/ada/public/../vendor/autoload.php' (include_path='.:/opt/bitnami/php/lib/php') in /home/ada/public/index.php on line 24
[17-Jan-2019 07:36:55 UTC] PHP Warning:  require(/home/ada/public/../vendor/autoload.php): failed to open stream: No such file or directory in /home/ada/public/index.php on line 24
[17-Jan-2019 07:36:55 UTC] PHP Fatal error:  require(): Failed opening required '/home/ada/public/../vendor/autoload.php' (include_path='.:/opt/bitnami/php/lib/php') in /home/ada/public/index.php on line 24
[17-Jan-2019 07:45:14 UTC] PHP Warning:  require(/home/ada/public/../vendor/autoload.php): failed to open stream: No such file or directory in /home/ada/public/index.php on line 24
[17-Jan-2019 07:45:14 UTC] PHP Fatal error:  require(): Failed opening required '/home/ada/public/../vendor/autoload.php' (include_path='.:/opt/bitnami/php/lib/php') in /home/ada/public/index.php on line 24
[17-Jan-2019 08:52:48 UTC] PHP Warning:  require(/home/ada/public/../vendor/autoload.php): failed to open stream: No such file or directory in /home/ada/public/index.php on line 24
[17-Jan-2019 08:52:48 UTC] PHP Fatal error:  require(): Failed opening required '/home/ada/public/../vendor/autoload.php' (include_path='.:/opt/bitnami/php/lib/php') in /home/ada/public/index.php on line 24
[17-Jan-2019 09:19:48 UTC] PHP Warning:  require(/home/ada/public/../vendor/autoload.php): failed to open stream: No such file or directory in /home/ada/public/index.php on line 24
[17-Jan-2019 09:19:48 UTC] PHP Fatal error:  require(): Failed opening required '/home/ada/public/../vendor/autoload.php' (include_path='.:/opt/bitnami/php/lib/php') in /home/ada/public/index.php on line 24
[17-Jan-2019 09:20:01 UTC] PHP Warning:  require(/home/ada/public/../vendor/autoload.php): failed to open stream: No such file or directory in /home/ada/public/index.php on line 24
[17-Jan-2019 09:20:01 UTC] PHP Fatal error:  require(): Failed opening required '/home/ada/public/../vendor/autoload.php' (include_path='.:/opt/bitnami/php/lib/php') in /home/ada/public/index.php on line 24
[17-Jan-2019 09:20:04 UTC] PHP Warning:  require(/home/ada/public/../vendor/autoload.php): failed to open stream: No such file or directory in /home/ada/public/index.php on line 24
[17-Jan-2019 09:20:04 UTC] PHP Fatal error:  require(): Failed opening required '/home/ada/public/../vendor/autoload.php' (include_path='.:/opt/bitnami/php/lib/php') in /home/ada/public/index.php on line 24
[17-Jan-2019 09:20:13 UTC] PHP Warning:  require(/home/ada/public/../vendor/autoload.php): failed to open stream: No such file or directory in /home/ada/public/index.php on line 24
[17-Jan-2019 09:20:13 UTC] PHP Fatal error:  require(): Failed opening required '/home/ada/public/../vendor/autoload.php' (include_path='.:/opt/bitnami/php/lib/php') in /home/ada/public/index.php on line 24
[17-Jan-2019 09:20:34 UTC] PHP Warning:  require(/home/ada/public/../vendor/autoload.php): failed to open stream: No such file or directory in /home/ada/public/index.php on line 24
[17-Jan-2019 09:20:34 UTC] PHP Fatal error:  require(): Failed opening required '/home/ada/public/../vendor/autoload.php' (include_path='.:/opt/bitnami/php/lib/php') in /home/ada/public/index.php on line 24
[17-Jan-2019 09:20:41 UTC] PHP Warning:  require(/home/ada/public/../vendor/autoload.php): failed to open stream: No such file or directory in /home/ada/public/index.php on line 24
[17-Jan-2019 09:20:41 UTC] PHP Fatal error:  require(): Failed opening required '/home/ada/public/../vendor/autoload.php' (include_path='.:/opt/bitnami/php/lib/php') in /home/ada/public/index.php on line 24
[17-Jan-2019 09:21:14 UTC] PHP Warning:  require(/home/ada/public/../vendor/autoload.php): failed to open stream: No such file or directory in /home/ada/public/index.php on line 24
[17-Jan-2019 09:21:14 UTC] PHP Fatal error:  require(): Failed opening required '/home/ada/public/../vendor/autoload.php' (include_path='.:/opt/bitnami/php/lib/php') in /home/ada/public/index.php on line 24
[17-Jan-2019 09:26:57 UTC] PHP Warning:  require(/home/ada/public/../vendor/autoload.php): failed to open stream: No such file or directory in /home/ada/public/index.php on line 24
[17-Jan-2019 09:26:57 UTC] PHP Fatal error:  require(): Failed opening required '/home/ada/public/../vendor/autoload.php' (include_path='.:/opt/bitnami/php/lib/php') in /home/ada/public/index.php on line 24
[17-Jan-2019 09:26:58 UTC] PHP Warning:  require(/home/ada/public/../vendor/autoload.php): failed to open stream: No such file or directory in /home/ada/public/index.php on line 24
[17-Jan-2019 09:26:58 UTC] PHP Fatal error:  require(): Failed opening required '/home/ada/public/../vendor/autoload.php' (include_path='.:/opt/bitnami/php/lib/php') in /home/ada/public/index.php on line 24
[17-Jan-2019 09:41:59 UTC] PHP Warning:  require(/home/ada/public/../vendor/autoload.php): failed to open stream: No such file or directory in /home/ada/public/index.php on line 24
[17-Jan-2019 09:41:59 UTC] PHP Fatal error:  require(): Failed opening required '/home/ada/public/../vendor/autoload.php' (include_path='.:/opt/bitnami/php/lib/php') in /home/ada/public/index.php on line 24
